0 info it worked if it ends with ok
1 verbose cli [ 'node', '/usr/local/bin/npm', 'install', '-g', 'hexo-cli' ]
2 info using npm@2.7.4
3 info using node@v0.12.2
4 silly cache add args [ 'hexo-cli', null ]
5 verbose cache add spec hexo-cli
6 silly cache add parsed spec { raw: 'hexo-cli',
6 silly cache add   scope: null,
6 silly cache add   name: 'hexo-cli',
6 silly cache add   rawSpec: '',
6 silly cache add   spec: '*',
6 silly cache add   type: 'range' }
7 verbose addNamed hexo-cli@*
8 silly addNamed semver.valid null
9 silly addNamed semver.validRange *
10 silly addNameRange { name: 'hexo-cli', range: '*', hasData: false }
11 silly mapToRegistry name hexo-cli
12 silly mapToRegistry using default registry
13 silly mapToRegistry registry https://registry.npm.taobao.org/
14 silly mapToRegistry uri https://registry.npm.taobao.org/hexo-cli
15 verbose addNameRange registry:https://registry.npm.taobao.org/hexo-cli not in flight; fetching
16 verbose request uri https://registry.npm.taobao.org/hexo-cli
17 verbose request no auth needed
18 info attempt registry request try #1 at 21:03:26
19 verbose request id 2132d639b192bedd
20 verbose etag "1425525519000"
21 http request GET https://registry.npm.taobao.org/hexo-cli
22 http 304 https://registry.npm.taobao.org/hexo-cli
23 silly get cb [ 304,
23 silly get   { server: 'nginx/1.1.19',
23 silly get     date: 'Wed, 08 Apr 2015 13:03:24 GMT',
23 silly get     connection: 'keep-alive',
23 silly get     etag: '"1425525519000"',
23 silly get     'x-readtime': '5' } ]
24 verbose etag https://registry.npm.taobao.org/hexo-cli from cache
25 verbose get saving hexo-cli to /Users/One/.npm/registry.npm.taobao.org/hexo-cli/.cache.json
26 silly addNameRange number 2 { name: 'hexo-cli', range: '*', hasData: true }
27 silly addNameRange versions [ 'hexo-cli',
27 silly addNameRange   [ '0.1.4', '0.1.3', '0.1.2', '0.1.1', '0.1.0', '0.0.1' ] ]
28 verbose addNamed hexo-cli@0.1.4
29 silly addNamed semver.valid 0.1.4
30 silly addNamed semver.validRange 0.1.4
31 silly cache afterAdd hexo-cli@0.1.4
32 verbose afterAdd /Users/One/.npm/hexo-cli/0.1.4/package/package.json not in flight; writing
33 verbose afterAdd /Users/One/.npm/hexo-cli/0.1.4/package/package.json written
34 silly install resolved [ { name: 'hexo-cli',
34 silly install resolved     version: '0.1.4',
34 silly install resolved     description: 'Command line interface for Hexo',
34 silly install resolved     main: 'lib/index',
34 silly install resolved     bin: { hexo: './bin/hexo' },
34 silly install resolved     scripts: { test: 'gulp test' },
34 silly install resolved     directories: { lib: './lib', bin: './bin' },
34 silly install resolved     engines: { node: '>= 0.10.0' },
34 silly install resolved     repository: { type: 'git', url: 'https://github.com/hexojs/hexo-cli' },
34 silly install resolved     homepage: 'http://hexo.io/',
34 silly install resolved     keywords: [ 'website', 'blog', 'cms', 'framework', 'hexo', 'cli' ],
34 silly install resolved     author:
34 silly install resolved      { name: 'Tommy Chen',
34 silly install resolved        email: 'tommy351@gmail.com',
34 silly install resolved        url: 'http://zespia.tw' },
34 silly install resolved     license: 'MIT',
34 silly install resolved     dependencies:
34 silly install resolved      { abbrev: '^1.0.5',
34 silly install resolved        bluebird: '^2.9.8',
34 silly install resolved        chalk: '^1.0.0',
34 silly install resolved        'hexo-fs': '^0.1.3',
34 silly install resolved        minimist: '^1.1.0',
34 silly install resolved        tildify: '^1.0.0' },
34 silly install resolved     devDependencies:
34 silly install resolved      { chai: '^1.9.1',
34 silly install resolved        coveralls: '^2.11.2',
34 silly install resolved        del: '^1.1.1',
34 silly install resolved        gulp: '^3.8.9',
34 silly install resolved        'gulp-istanbul': '^0.5.0',
34 silly install resolved        'gulp-jshint': '^1.8.6',
34 silly install resolved        'gulp-load-plugins': '^0.8.0',
34 silly install resolved        'gulp-mocha': '^2.0.0',
34 silly install resolved        'hexo-renderer-marked': '^0.2.3',
34 silly install resolved        'jshint-stylish': '^1.0.0',
34 silly install resolved        mocha: '^2.0.1',
34 silly install resolved        sinon: '^1.12.2' },
34 silly install resolved     gitHead: '6f670ab6c63e180a6995ffa2e85289317d9af7e5',
34 silly install resolved     bugs: { url: 'https://github.com/hexojs/hexo-cli/issues' },
34 silly install resolved     _id: 'hexo-cli@0.1.4',
34 silly install resolved     _shasum: '8329291920d7a01d3f4da9d31a60169cb4100592',
34 silly install resolved     _from: 'hexo-cli@*',
34 silly install resolved     _npmVersion: '2.5.1',
34 silly install resolved     _nodeVersion: '0.12.0',
34 silly install resolved     _npmUser: { name: 'tommy351', email: 'tommy351@gmail.com' },
34 silly install resolved     maintainers: [ [Object] ],
34 silly install resolved     dist:
34 silly install resolved      { shasum: '8329291920d7a01d3f4da9d31a60169cb4100592',
34 silly install resolved        tarball: 'http://registry.npmjs.org/hexo-cli/-/hexo-cli-0.1.4.tgz' },
34 silly install resolved     _resolved: 'https://registry.npmjs.org/hexo-cli/-/hexo-cli-0.1.4.tgz',
34 silly install resolved     readme: 'ERROR: No README data found!' } ]
35 info install hexo-cli@0.1.4 into /usr/local/lib
36 info installOne hexo-cli@0.1.4
37 verbose installOne of hexo-cli to /usr/local/lib not in flight; installing
38 verbose lock using /Users/One/.npm/_locks/hexo-cli-d89d95637eeaa0d8.lock for /usr/local/lib/node_modules/hexo-cli
39 silly install write writing hexo-cli 0.1.4 to /usr/local/lib/node_modules/hexo-cli
40 silly cache addNamed cb hexo-cli@0.1.4
41 verbose unbuild lib/node_modules/hexo-cli
42 silly gentlyRm /usr/local/lib/node_modules/hexo-cli is being purged from base /usr/local
43 verbose gentlyRm don't care about contents; nuking /usr/local/lib/node_modules/hexo-cli
44 verbose tar unpack /Users/One/.npm/hexo-cli/0.1.4/package.tgz
45 verbose tar unpacking to /usr/local/lib/node_modules/hexo-cli
46 silly gentlyRm /usr/local/lib/node_modules/hexo-cli is being purged
47 verbose gentlyRm don't care about contents; nuking /usr/local/lib/node_modules/hexo-cli
48 silly gunzTarPerm modes [ '755', '644' ]
49 error tar.unpack untar error /Users/One/.npm/hexo-cli/0.1.4/package.tgz
50 verbose unlock done using /Users/One/.npm/_locks/hexo-cli-d89d95637eeaa0d8.lock for /usr/local/lib/node_modules/hexo-cli
51 verbose fstream_path /usr/local/lib/node_modules/hexo-cli
52 verbose fstream_type Directory
53 verbose fstream_class DirWriter
54 verbose stack Error: EACCES, mkdir '/usr/local/lib/node_modules/hexo-cli'
54 verbose stack     at Error (native)
55 verbose fstream_stack /usr/local/lib/node_modules/npm/node_modules/fstream/lib/dir-writer.js:36:23
55 verbose fstream_stack /usr/local/lib/node_modules/npm/node_modules/mkdirp/index.js:46:53
55 verbose fstream_stack FSReqWrap.oncomplete (fs.js:95:15)
56 verbose cwd /Users/One/iOS/tracyone
57 error Darwin 14.1.0
58 error argv "node" "/usr/local/bin/npm" "install" "-g" "hexo-cli"
59 error node v0.12.2
60 error npm  v2.7.4
61 error path /usr/local/lib/node_modules/hexo-cli
62 error code EACCES
63 error errno -13
64 error Error: EACCES, mkdir '/usr/local/lib/node_modules/hexo-cli'
64 error     at Error (native)
64 error  { [Error: EACCES, mkdir '/usr/local/lib/node_modules/hexo-cli']
64 error   errno: -13,
64 error   code: 'EACCES',
64 error   path: '/usr/local/lib/node_modules/hexo-cli',
64 error   fstream_type: 'Directory',
64 error   fstream_path: '/usr/local/lib/node_modules/hexo-cli',
64 error   fstream_class: 'DirWriter',
64 error   fstream_stack:
64 error    [ '/usr/local/lib/node_modules/npm/node_modules/fstream/lib/dir-writer.js:36:23',
64 error      '/usr/local/lib/node_modules/npm/node_modules/mkdirp/index.js:46:53',
64 error      'FSReqWrap.oncomplete (fs.js:95:15)' ] }
65 error Please try running this command again as root/Administrator.
66 verbose exit [ -13, true ]
67 verbose unbuild lib/node_modules/hexo-cli
68 silly gentlyRm /usr/local/lib/node_modules/hexo-cli is being purged from base /usr/local
69 verbose gentlyRm don't care about contents; nuking /usr/local/lib/node_modules/hexo-cli
